2014-09-11 10:34:00,914 ERROR [Worker-18] - System.err - SLF4J: Failed to load class "org.slf4j.impl.StaticLoggerBinder".
2014-09-11 10:34:00,915 ERROR [Worker-18] - System.err - SLF4J: Defaulting to no-operation (NOP) logger implementation
2014-09-11 10:34:00,915 ERROR [Worker-18] - System.err - SLF4J: See http://www.slf4j.org/codes.html#StaticLoggerBinder for further details.
2014-09-12 10:49:19,013 ERROR [Worker-2] - System.err - SLF4J: Failed to load class "org.slf4j.impl.StaticLoggerBinder".
2014-09-12 10:49:19,014 ERROR [Worker-2] - System.err - SLF4J: Defaulting to no-operation (NOP) logger implementation
2014-09-12 10:49:19,014 ERROR [Worker-2] - System.err - SLF4J: See http://www.slf4j.org/codes.html#StaticLoggerBinder for further details.
2014-09-25 15:33:04,540 ERROR [Worker-62] - System.err - SLF4J: Failed to load class "org.slf4j.impl.StaticLoggerBinder".
2014-09-25 15:33:04,542 ERROR [Worker-62] - System.err - SLF4J: Defaulting to no-operation (NOP) logger implementation
2014-09-25 15:33:04,542 ERROR [Worker-62] - System.err - SLF4J: See http://www.slf4j.org/codes.html#StaticLoggerBinder for further details.
2014-09-25 16:03:08,258 ERROR [main] - org.scala-ide.sdt.core - org.scala-ide.sdt.core - org.scala-ide.sdt.core - 0 - scala.reflect.internal.MissingRequirementError: object scala.runtime in compiler mirror not found.
2014-10-06 14:44:43,758 ERROR [Worker-2] - System.err - Java Model Exception: Java Model Status [lab1 does not exist]
2014-10-06 14:44:43,759 ERROR [Worker-2] - System.err - at org.eclipse.jdt.internal.core.JavaElement.newNotPresentException(JavaElement.java:498)
2014-10-06 14:44:43,760 ERROR [Worker-2] - System.err - at org.eclipse.jdt.internal.core.JavaModelManager.getPerProjectInfoCheckExistence(JavaModelManager.java:2309)
2014-10-06 14:44:43,760 ERROR [Worker-2] - System.err - at org.eclipse.jdt.internal.core.JavaProject.getPerProjectInfo(JavaProject.java:1908)
2014-10-06 14:44:43,760 ERROR [Worker-2] - System.err - at org.eclipse.jdt.internal.core.JavaProject.getRawClasspath(JavaProject.java:1930)
2014-10-06 14:44:43,760 ERROR [Worker-2] - System.err - at scala.tools.eclipse.ClasspathManagement$class.jdkPaths(ClasspathManagement.scala:138)
2014-10-06 14:44:43,760 ERROR [Worker-2] - System.err - at scala.tools.eclipse.ScalaProject.jdkPaths(ScalaProject.scala:80)
2014-10-06 14:44:43,760 ERROR [Worker-2] - System.err - at scala.tools.eclipse.ClasspathManagement$class.scalaClasspath(ClasspathManagement.scala:118)
2014-10-06 14:44:43,760 ERROR [Worker-2] - System.err - at scala.tools.eclipse.ScalaProject.scalaClasspath(ScalaProject.scala:80)
2014-10-06 14:44:43,760 ERROR [Worker-2] - System.err - at scala.tools.eclipse.ScalaProject.setupCompilerClasspath(ScalaProject.scala:514)
2014-10-06 14:44:43,760 ERROR [Worker-2] - System.err - at scala.tools.eclipse.ScalaProject.initializeCompilerSettings(ScalaProject.scala:500)
2014-10-06 14:44:43,760 ERROR [Worker-2] - System.err - at scala.tools.eclipse.ScalaProject$$anon$1.create(ScalaProject.scala:99)
2014-10-06 14:44:43,760 ERROR [Worker-2] - System.err - at scala.tools.eclipse.ScalaProject$$anon$1.create(ScalaProject.scala:95)
2014-10-06 14:44:43,760 ERROR [Worker-2] - System.err - at scala.tools.eclipse.util.Cached$class.apply(Cached.scala:30)
2014-10-06 14:44:43,760 ERROR [Worker-2] - System.err - at scala.tools.eclipse.ScalaProject$$anon$1.apply(ScalaProject.scala:95)
2014-10-06 14:44:43,760 ERROR [Worker-2] - System.err - at scala.tools.eclipse.ScalaProject.withPresentationCompiler(ScalaProject.scala:594)
2014-10-06 14:44:43,760 ERROR [Worker-2] - System.err - at scala.tools.eclipse.ScalaProject.withSourceFile(ScalaProject.scala:603)
2014-10-06 14:44:43,760 ERROR [Worker-2] - System.err - at scala.tools.eclipse.InteractiveCompilationUnit$class.withSourceFile(InteractiveCompilationUnit.scala:66)
2014-10-06 14:44:43,760 ERROR [Worker-2] - System.err - at scala.tools.eclipse.javaelements.ScalaSourceFile.withSourceFile(ScalaSourceFile.scala:69)
2014-10-06 14:44:43,761 ERROR [Worker-2] - System.err - at scala.tools.eclipse.semantichighlighting.Presenter$SemanticHighlightingJob.performSemanticHighlighting(Presenter.scala:145)
2014-10-06 14:44:43,761 ERROR [Worker-2] - System.err - at scala.tools.eclipse.semantichighlighting.Presenter$SemanticHighlightingJob.run(Presenter.scala:114)
2014-10-06 14:44:43,761 ERROR [Worker-2] - System.err - at org.eclipse.core.internal.jobs.Worker.run(Worker.java:53)
2014-10-06 14:44:43,765 ERROR [main] - org.scala-ide.sdt.core - org.scala-ide.sdt.core - org.scala-ide.sdt.core - 0 - Java Model Exception: Java Model Status [lab1 does not exist]
2014-10-06 15:26:46,195 ERROR [Worker-15] - System.err - SLF4J: Failed to load class "org.slf4j.impl.StaticLoggerBinder".
2014-10-06 15:26:46,195 ERROR [Worker-15] - System.err - SLF4J: Defaulting to no-operation (NOP) logger implementation
2014-10-06 15:26:46,195 ERROR [Worker-15] - System.err - SLF4J: See http://www.slf4j.org/codes.html#StaticLoggerBinder for further details.
2014-10-16 11:38:39,420  WARN [main] - ImplicitHighlightingPresenter - Timeout while waiting for `askLoadedTyped` during implicit highlighting.
2014-10-16 11:39:30,176  WARN [main] - ImplicitHighlightingPresenter - Timeout while waiting for `askLoadedTyped` during implicit highlighting.
2014-10-16 11:39:30,377  WARN [main] - ImplicitHighlightingPresenter - Timeout while waiting for `askLoadedTyped` during implicit highlighting.
2014-10-16 11:41:19,352  WARN [main] - ImplicitHighlightingPresenter - Timeout while waiting for `askLoadedTyped` during implicit highlighting.
2014-10-16 11:58:47,941  WARN [main] - ImplicitHighlightingPresenter - Timeout while waiting for `askLoadedTyped` during implicit highlighting.
2014-10-16 11:58:48,142  WARN [main] - ImplicitHighlightingPresenter - Timeout while waiting for `askLoadedTyped` during implicit highlighting.
2014-11-18 14:01:20,241  WARN [Worker-4] - ImplicitHighlightingPresenter - Timeout while waiting for `askLoadedTyped` during implicit highlighting.
2014-12-03 14:20:56,483  WARN [Worker-22] - ImplicitHighlightingPresenter - Timeout while waiting for `askLoadedTyped` during implicit highlighting.
